<?xml version="1.0" encoding="UTF-8"?>
<!-- Generated by org.testng.reporters.JUnitXMLReporter -->
<testsuite ignored="0" hostname="Priyank-PC" failures="1" tests="1" name="LoginTest" time="9.052" errors="0" timestamp="2022-05-11T08:53:59 IST">
  <testcase classname="Portal.E2EProject.LoginTest" name="loginTest" time="8.293">
    <failure type="java.lang.AssertionError" message="expected [Temporary error occured[#5002], please try again.] but found [Temporary error occured[#5001], please try again.]">
      <![CDATA[java.lang.AssertionError: expected [Temporary error occured[#5002], please try again.] but found [Temporary error occured[#5001], please try again.]
at Portal.E2EProject.LoginTest.loginTest(LoginTest.java:45)
at java.base/java.util.ArrayList.forEach(ArrayList.java:1511)
... Removed 31 stack frames]]>
    </failure>
  </testcase> <!-- loginTest -->
</testsuite> <!-- LoginTest -->
