<?xml version="1.0" encoding="UTF-8"?>
<testng-results ignored="0" total="2" passed="2" failed="0" skipped="0">
  <reporter-output>
  </reporter-output>
  <suite started-at="2022-06-23T15:04:56 IST" name="Suite" finished-at="2022-06-23T15:05:07 IST" duration-ms="10526">
    <groups>
    </groups>
    <test started-at="2022-06-23T15:04:56 IST" name="Portal.E2EProject.LoginTest" finished-at="2022-06-23T15:05:03 IST" duration-ms="6398">
      <class name="Portal.E2EProject.LoginTest">
        <test-method signature="loginTest(java.lang.String,java.lang.String)[pri:0, instance:Portal.E2EProject.LoginTest@1cd201a8]" started-at="2022-06-23T15:04:56 IST" name="loginTest" finished-at="2022-06-23T15:05:02 IST" duration-ms="5738" status="PASS">
          <params>
            <param index="0">
              <value>
                <![CDATA[Priyank]]>
              </value>
            </param>
            <param index="1">
              <value>
                <![CDATA[Priyank123]]>
              </value>
            </param>
          </params>
          <reporter-output>
          </reporter-output>
        </test-method> <!-- loginTest -->
        <test-method is-config="true" signature="browserClose()[pri:0, instance:Portal.E2EProject.LoginTest@1cd201a8]" started-at="2022-06-23T15:05:02 IST" name="browserClose" finished-at="2022-06-23T15:05:03 IST" duration-ms="311" status="PASS">
          <reporter-output>
          </reporter-output>
        </test-method> <!-- browserClose -->
      </class> <!-- Portal.E2EProject.LoginTest -->
    </test> <!-- Portal.E2EProject.LoginTest -->
    <test started-at="2022-06-23T15:05:03 IST" name="LinkVerificationTest" finished-at="2022-06-23T15:05:07 IST" duration-ms="3710">
      <class name="Portal.E2EProject.LinkDisplayed">
        <test-method signature="LinkDisplayed()[pri:0, instance:Portal.E2EProject.LinkDisplayed@3faf2e7d]" started-at="2022-06-23T15:05:03 IST" name="LinkDisplayed" finished-at="2022-06-23T15:05:06 IST" duration-ms="3019" status="PASS">
          <reporter-output>
          </reporter-output>
        </test-method> <!-- LinkDisplayed -->
        <test-method is-config="true" signature="browserClose()[pri:0, instance:Portal.E2EProject.LinkDisplayed@3faf2e7d]" started-at="2022-06-23T15:05:07 IST" name="browserClose" finished-at="2022-06-23T15:05:07 IST" duration-ms="98" status="PASS">
          <reporter-output>
          </reporter-output>
        </test-method> <!-- browserClose -->
      </class> <!-- Portal.E2EProject.LinkDisplayed -->
    </test> <!-- LinkVerificationTest -->
  </suite> <!-- Suite -->
</testng-results>
